<?xml version="1.0" encoding="UTF-8"?>
<testng-results ignored="0" total="1" passed="1" failed="0" skipped="0">
  <reporter-output>
  </reporter-output>
  <suite started-at="2021-06-23T12:03:05 IST" name="Default suite" finished-at="2021-06-23T12:03:05 IST" duration-ms="56">
    <groups>
    </groups>
    <test started-at="2021-06-23T12:03:05 IST" name="Default test" finished-at="2021-06-23T12:03:05 IST" duration-ms="56">
      <class name="TestNGpack.CreateFirstprog">
        <test-method signature="tc1()[pri:0, instance:TestNGpack.CreateFirstprog@10959ece]" started-at="2021-06-23T12:03:05 IST" name="tc1" finished-at="2021-06-23T12:03:05 IST" duration-ms="9" status="PASS">
          <reporter-output>
          </reporter-output>
        </test-method> <!-- tc1 -->
      </class> <!-- TestNGpack.CreateFirstprog -->
    </test> <!-- Default test -->
  </suite> <!-- Default suite -->
</testng-results>
